mode: atomic
github.com/taigrr/gotify-mcp/main.go:67.54,71.15 3 7
github.com/taigrr/gotify-mcp/main.go:71.15,73.3 1 1
github.com/taigrr/gotify-mcp/main.go:74.2,74.17 1 6
github.com/taigrr/gotify-mcp/main.go:74.17,76.3 1 1
github.com/taigrr/gotify-mcp/main.go:78.2,82.8 1 5
github.com/taigrr/gotify-mcp/main.go:86.54,88.16 2 8
github.com/taigrr/gotify-mcp/main.go:88.16,90.3 1 0
github.com/taigrr/gotify-mcp/main.go:92.2,94.16 3 8
github.com/taigrr/gotify-mcp/main.go:94.16,96.3 1 0
github.com/taigrr/gotify-mcp/main.go:97.2,99.38 2 8
github.com/taigrr/gotify-mcp/main.go:99.38,101.3 1 1
github.com/taigrr/gotify-mcp/main.go:103.2,103.12 1 7
github.com/taigrr/gotify-mcp/main.go:107.78,114.2 1 6
github.com/taigrr/gotify-mcp/main.go:116.13,142.80 6 0
github.com/taigrr/gotify-mcp/main.go:142.80,144.3 1 0
github.com/taigrr/gotify-mcp/main.go:147.117,149.16 2 2
github.com/taigrr/gotify-mcp/main.go:149.16,151.3 1 0
github.com/taigrr/gotify-mcp/main.go:153.2,154.23 2 2
github.com/taigrr/gotify-mcp/main.go:154.23,156.3 1 1
github.com/taigrr/gotify-mcp/main.go:158.2,164.28 2 2
github.com/taigrr/gotify-mcp/main.go:164.28,168.3 1 1
github.com/taigrr/gotify-mcp/main.go:170.2,170.41 1 2
github.com/taigrr/gotify-mcp/main.go:170.41,172.3 1 0
github.com/taigrr/gotify-mcp/main.go:174.2,174.55 1 2
github.com/taigrr/gotify-mcp/main.go:177.115,179.16 2 1
github.com/taigrr/gotify-mcp/main.go:179.16,181.3 1 0
github.com/taigrr/gotify-mcp/main.go:183.2,184.22 2 1
github.com/taigrr/gotify-mcp/main.go:184.22,186.3 1 1
github.com/taigrr/gotify-mcp/main.go:188.2,192.17 1 1
github.com/taigrr/gotify-mcp/main.go:192.17,194.3 1 0
github.com/taigrr/gotify-mcp/main.go:196.2,196.60 1 1
github.com/taigrr/gotify-mcp/main.go:199.127,201.16 2 1
github.com/taigrr/gotify-mcp/main.go:201.16,203.3 1 0
github.com/taigrr/gotify-mcp/main.go:205.2,206.23 2 1
github.com/taigrr/gotify-mcp/main.go:206.23,208.3 1 1
github.com/taigrr/gotify-mcp/main.go:210.2,214.17 1 1
github.com/taigrr/gotify-mcp/main.go:214.17,216.3 1 0
github.com/taigrr/gotify-mcp/main.go:218.2,218.71 1 1
github.com/taigrr/gotify-mcp/main.go:221.129,223.16 2 1
github.com/taigrr/gotify-mcp/main.go:223.16,225.3 1 0
github.com/taigrr/gotify-mcp/main.go:227.2,228.24 2 1
github.com/taigrr/gotify-mcp/main.go:228.24,230.3 1 1
github.com/taigrr/gotify-mcp/main.go:232.2,236.17 1 1
github.com/taigrr/gotify-mcp/main.go:236.17,238.3 1 0
github.com/taigrr/gotify-mcp/main.go:240.2,240.64 1 1
